% mean class accuracy (train set)	
 7.9921e+01	
 8.0000e+01	
 8.0000e+01	
 8.0000e+01	
 8.0000e+01	
 8.0000e+01	
 8.0000e+01	
 8.0000e+01	
 8.0000e+01	
 8.0000e+01	
 8.0000e+01	
 8.0000e+01	
 8.0000e+01	
 8.0000e+01	
 8.0000e+01	
 8.0000e+01	
 8.0000e+01	
 8.0000e+01	
 8.0000e+01	
 8.0000e+01	
 8.0000e+01	
 8.0000e+01	
 8.0000e+01	
 8.0000e+01	
 8.0000e+01	
 8.0000e+01	
 8.0000e+01	
 8.0000e+01	
 8.0000e+01	
 8.0000e+01	
 8.0000e+01	
 8.0000e+01	
 7.9994e+01	
 7.9983e+01	
 7.9979e+01	
 8.0019e+01	
 8.0175e+01	
 8.0469e+01	
 8.0798e+01	
 8.1039e+01	
 8.1215e+01	
 8.1324e+01	
 8.1338e+01	
 8.1323e+01	
 8.1318e+01	
 8.1316e+01	
 8.1323e+01	
 8.1342e+01	
 8.1372e+01	
 8.1394e+01	
 8.1430e+01	
 8.1473e+01	
 8.1498e+01	
 8.1546e+01	
 8.1585e+01	
 8.1624e+01	
 8.1664e+01	
 8.1704e+01	
 8.1744e+01	
 8.1784e+01	
 8.1839e+01	
 8.1907e+01	
 8.1958e+01	
 8.1994e+01	
 8.2057e+01	
 8.2104e+01	
 8.2155e+01	
 8.2195e+01	
 8.2256e+01	
 8.2302e+01	
 8.2346e+01	
 8.2404e+01	
 8.2440e+01	
 8.2493e+01	
 8.2539e+01	
 8.2584e+01	
 8.2630e+01	
 8.2683e+01	
 8.2728e+01	
 8.2768e+01	
 8.2836e+01	
 8.2865e+01	
 8.2914e+01	
 8.2956e+01	
 8.3003e+01	
 8.3046e+01	
 8.3100e+01	
 8.3131e+01	
 8.3159e+01	
 8.3218e+01	
 8.3255e+01	
 8.3306e+01	
 8.3362e+01	
 8.3426e+01	
 8.3473e+01	
 8.3524e+01	
 8.3595e+01	
 8.3633e+01	
 8.3694e+01	
 8.3747e+01	
 8.3790e+01	
 8.3844e+01	
 8.3904e+01	
 8.3959e+01	
 8.4012e+01	
 8.4073e+01	
 8.4134e+01	
 8.4192e+01	
 8.4251e+01	
 8.4292e+01	
 8.4372e+01	
 8.4437e+01	
 8.4486e+01	
 8.4558e+01	
 8.4599e+01	
 8.4672e+01	
 8.4711e+01	
 8.4771e+01	
 8.4843e+01	
 8.4905e+01	
 8.4952e+01	
 8.5016e+01	
 8.5054e+01	
 8.5126e+01	
 8.5178e+01	
 8.5237e+01	
 8.5291e+01	
 8.5339e+01	
 8.5390e+01	
 8.5428e+01	
 8.5475e+01	
 8.5532e+01	
 8.5582e+01	
 8.5634e+01	
 8.5703e+01	
 8.5747e+01	
 8.5781e+01	
 8.5844e+01	
 8.5902e+01	
 8.5951e+01	
 8.6000e+01	
 8.6057e+01	
 8.6112e+01	
 8.6157e+01	
 8.6215e+01	
 8.6250e+01	
 8.6307e+01	
 8.6353e+01	
 8.6412e+01	
 8.6462e+01	
 8.6515e+01	
 8.6556e+01	
 8.6614e+01	
 8.6651e+01	
 8.6697e+01	
 8.6754e+01	
 8.6808e+01	
 8.6854e+01	
 8.6897e+01	
 8.6950e+01	
 8.6997e+01	
 8.7049e+01	
 8.7088e+01	
 8.7146e+01	
 8.7200e+01	
 8.7250e+01	
 8.7301e+01	
 8.7335e+01	
 8.7406e+01	
 8.7444e+01	
 8.7501e+01	
 8.7549e+01	
 8.7599e+01	
 8.7652e+01	
 8.7708e+01	
 8.7747e+01	
 8.7798e+01	
 8.7853e+01	
 8.7901e+01	
 8.7955e+01	
 8.8004e+01	
 8.8076e+01	
 8.8116e+01	
 8.8182e+01	
 8.8243e+01	
 8.8282e+01	
 8.8341e+01	
 8.8397e+01	
 8.8441e+01	
 8.8492e+01	
 8.8555e+01	
 8.8597e+01	
 8.8647e+01	
 8.8703e+01	
 8.8754e+01	
 8.8810e+01	
 8.8848e+01	
 8.8903e+01	
 8.8947e+01	
 8.8999e+01	
 8.9055e+01	
 8.9094e+01	
 8.9150e+01	
 8.9210e+01	
 8.9243e+01	
 8.9312e+01	
 8.9352e+01	
 8.9414e+01	
 8.9470e+01	
 8.9530e+01	
 8.9580e+01	
 8.9630e+01	
 8.9658e+01	
 8.9728e+01	
 8.9768e+01	
 8.9806e+01	
 8.9858e+01	
 8.9908e+01	
 8.9952e+01	
 8.9996e+01	
 9.0034e+01	
 9.0084e+01	
 9.0112e+01	
 9.0163e+01	
 9.0208e+01	
 9.0257e+01	
 9.0293e+01	
 9.0331e+01	
 9.0374e+01	
 9.0421e+01	
 9.0467e+01	
 9.0506e+01	
 9.0559e+01	
 9.0581e+01	
 9.0629e+01	
 9.0649e+01	
 9.0701e+01	
 9.0747e+01	
 9.0796e+01	
 9.0811e+01	
 9.0853e+01	
 9.0870e+01	
 9.0918e+01	
 9.0965e+01	
 9.0995e+01	
 9.1029e+01	
 9.1064e+01	
 9.1110e+01	
 9.1147e+01	
 9.1178e+01	
 9.1216e+01	
 9.1249e+01	
 9.1293e+01	
 9.1323e+01	
 9.1366e+01	
 9.1397e+01	
 9.1432e+01	
 9.1458e+01	
 9.1496e+01	
 9.1555e+01	
 9.1568e+01	
 9.1615e+01	
 9.1645e+01	
 9.1674e+01	
 9.1707e+01	
 9.1743e+01	
 9.1752e+01	
 9.1804e+01	
 9.1828e+01	
 9.1849e+01	
 9.1886e+01	
 9.1910e+01	
 9.1955e+01	
 9.1969e+01	
 9.2027e+01	
 9.2048e+01	
 9.2072e+01	
 9.2102e+01	
 9.2142e+01	
 9.2148e+01	
 9.2201e+01	
 9.2229e+01	
 9.2262e+01	
 9.2290e+01	
 9.2330e+01	
 9.2350e+01	
 9.2391e+01	
 9.2417e+01	
 9.2448e+01	
 9.2484e+01	
 9.2506e+01	
 9.2539e+01	
 9.2575e+01	
 9.2609e+01	
 9.2638e+01	
 9.2662e+01	
 9.2712e+01	
 9.2738e+01	
 9.2770e+01	
 9.2807e+01	
 9.2826e+01	
 9.2859e+01	
 9.2885e+01	
 9.2921e+01	
 9.2938e+01	
 9.2977e+01	
 9.3012e+01	
 9.3033e+01	
 9.3070e+01	
 9.3080e+01	
 9.3126e+01	
 9.3157e+01	
 9.3186e+01	
 9.3210e+01	
 9.3259e+01	
 9.3268e+01	
 9.3306e+01	
 9.3322e+01	
 9.3362e+01	
 9.3394e+01	
 9.3420e+01	
 9.3454e+01	
 9.3482e+01	
 9.3496e+01	
 9.3534e+01	
 9.3565e+01	
 9.3587e+01	
 9.3626e+01	
 9.3650e+01	
 9.3669e+01	
 9.3702e+01	
 9.3708e+01	
 9.3747e+01	
 9.3775e+01	
 9.3808e+01	
 9.3835e+01	
 9.3857e+01	
 9.3883e+01	
 9.3911e+01	
 9.3930e+01	
 9.3960e+01	
 9.3987e+01	
 9.4014e+01	
 9.4034e+01	
 9.4062e+01	
 9.4081e+01	
 9.4125e+01	
 9.4141e+01	
 9.4171e+01	
 9.4187e+01	
 9.4208e+01	
 9.4227e+01	
 9.4263e+01	
 9.4281e+01	
 9.4319e+01	
 9.4323e+01	
 9.4344e+01	
 9.4374e+01	
 9.4403e+01	
 9.4437e+01	
 9.4450e+01	
 9.4473e+01	
 9.4501e+01	
 9.4501e+01	
 9.4547e+01	
 9.4568e+01	
 9.4593e+01	
 9.4620e+01	
 9.4640e+01	
 9.4650e+01	
 9.4683e+01	
 9.4693e+01	
 9.4731e+01	
 9.4751e+01	
 9.4765e+01	
 9.4784e+01	
 9.4811e+01	
 9.4838e+01	
 9.4852e+01	
 9.4883e+01	
 9.4895e+01	
 9.4922e+01	
 9.4938e+01	
 9.4950e+01	
 9.4984e+01	
 9.5000e+01	
 9.5021e+01	
